#
# A fatal error has been detected by the Java Runtime Environment:
#
#  EXCEPTION_ACCESS_VIOLATION (0xc0000005) at pc=0x000001da323c1066, pid=11096, tid=0x000000000000356c
#
# JRE version: OpenJDK Runtime Environment (8.0_382-b05) (build 1.8.0_382-b05)
# Java VM: OpenJDK 64-Bit Server VM (25.382-b05 mixed mode windows-amd64 compressed oops)
# Problematic frame:
# C  [OpenAL64.dll+0x11066]
#
# Failed to write core dump. Minidumps are not enabled by default on client versions of Windows
#
# If you would like to submit a bug report, please visit:
#   https://github.com/adoptium/adoptium-support/issues
# The crash happened outside the Java Virtual Machine in native code.
# See problematic frame for where to report the bug.
#

---------------  T H R E A D  ---------------

Current thread (0x000001da32218800):  JavaThread "main" [_thread_in_native, id=13676, stack(0x00000020f1e00000,0x00000020f1f00000)]

siginfo: ExceptionCode=0xc0000005, reading address 0x000001da4b0a2004

Registers:
RAX=0x0000000000000004, RBX=0x000001da4d2c0090, RCX=0x000001da4b0a2008, RDX=0x000001da4b0a2004
RSP=0x00000020f1efcca0, RBP=0x00000000000000ff, RSI=0x000001da4b09f05c, RDI=0x0000000000000000
R8 =0x0000000000000bea, R9 =0x000001da4b09f05c, R10=0x000001da33c19c62, R11=0x000000005ea78ee0
R12=0x0000000000000001, R13=0x000001da4cd3df70, R14=0x00000020f1efce40, R15=0x000001da32218800
RIP=0x000001da323c1066, EFLAGS=0x0000000000010202

Top of Stack: (sp=0x00000020f1efcca0)
0x00000020f1efcca0:   0000000000000000 000001da32218800
0x00000020f1efccb0:   00000020f1efce40 000001da4cd3df70
0x00000020f1efccc0:   000001da4cd3df70 0000000000000000
0x00000020f1efccd0:   000001da32218800 0000000000000000
0x00000020f1efcce0:   00000020f1efce08 000000005e90f1eb
0x00000020f1efccf0:   00000020f1efcd20 000001da33c5a6d3
0x00000020f1efcd00:   000001da3221a010 000001da3221a1d0
0x00000020f1efcd10:   000001da32218800 00000020f1efce40
0x00000020f1efcd20:   000001da4cd3df70 0000000000000000
0x00000020f1efcd30:   000001da4b09f05c 0000000000000248
0x00000020f1efcd40:   00000020f1efce08 000001da323c248f
0x00000020f1efcd50:   000001da4d2c0090 000001da4d2c0090
0x00000020f1efcd60:   000001da0000ac44 000001da00000004
0x00000020f1efcd70:   000001da33c07bd0 000001da33c19c8e
0x00000020f1efcd80:   000001da4cd3df70 0000000000000248
0x00000020f1efcd90:   000001da33c07bd0 000001da33c1999b 

Instructions: (pc=0x000001da323c1066)
0x000001da323c1046:   41 2b ec 81 3a 03 00 02 00 75 09 8b 01 89 84 24
0x000001da323c1056:   c8 00 00 00 49 83 c0 02 48 83 c1 08 4a 8d 14 86
0x000001da323c1066:   39 3a 75 af 4c 8d 84 24 c0 00 00 00 48 8d 15 d7
0x000001da323c1076:   2b 03 00 33 c9 e8 58 5f 00 00 b8 40 1f 00 00 4c 


Register to memory mapping:

RAX=0x0000000000000004 is an unknown value
RBX=0x000001da4d2c0090 is an unknown value
RCX=0x000001da4b0a2008 is an unknown value
RDX=0x000001da4b0a2004 is an unknown value
RSP=0x00000020f1efcca0 is pointing into the stack for thread: 0x000001da32218800
RBP=0x00000000000000ff is an unknown value
RSI=0x000001da4b09f05c is an unknown value
RDI=0x0000000000000000 is an unknown value
R8 =0x0000000000000bea is an unknown value
R9 =0x000001da4b09f05c is an unknown value
R10=0x000001da33c19c62 is at code_begin+962 in an Interpreter codelet
method entry point (kind = native)  [0x000001da33c198a0, 0x000001da33c1a340]  2720 bytes
R11=0x000000005ea78ee0 is an unknown value
R12=0x0000000000000001 is an unknown value
R13={method} {0x000001da4cd3df78} 'nalcCreateContext' '(JJ)J' in 'org/lwjgl/openal/ALC10'
R14=0x00000020f1efce40 is pointing into the stack for thread: 0x000001da32218800
R15=0x000001da32218800 is a thread


Stack: [0x00000020f1e00000,0x00000020f1f00000],  sp=0x00000020f1efcca0,  free space=1011k
Native frames: (J=compiled Java code, j=interpreted, Vv=VM code, C=native code)
C  [OpenAL64.dll+0x11066]
C  [OpenAL64.dll+0x1248f]
C  0x000001da33c19c8e

Java frames: (J=compiled Java code, j=interpreted, Vv=VM code)
j  org.lwjgl.openal.ALC10.nalcCreateContext(JJ)J+0
j  org.lwjgl.openal.ALC10.alcCreateContext(Lorg/lwjgl/openal/ALCdevice;Ljava/nio/IntBuffer;)Lorg/lwjgl/openal/ALCcontext;+8
j  org.lwjgl.openal.AL.init(Ljava/lang/String;IIZZ)V+69
j  org.lwjgl.openal.AL.create(Ljava/lang/String;IIZZ)V+246
j  org.lwjgl.openal.AL.create(Ljava/lang/String;IIZ)V+5
j  org.lwjgl.openal.AL.create()V+6
j  com.badlogic.gdx.backends.lwjgl.audio.OpenALAudio.<init>(III)V+114
j  com.badlogic.gdx.backends.lwjgl.LwjglApplication.<init>(Lcom/badlogic/gdx/ApplicationListener;Lcom/badlogic/gdx/backends/lwjgl/LwjglApplicationConfiguration;Lcom/badlogic/gdx/backends/lwjgl/LwjglGraphics;)V+120
j  com.badlogic.gdx.backends.lwjgl.LwjglApplication.<init>(Lcom/badlogic/gdx/ApplicationListener;Lcom/badlogic/gdx/backends/lwjgl/LwjglApplicationConfiguration;)V+11
j  org.uqbar.project.wollok.game.gameboard.WollokGDXApplication.<init>(Lorg/uqbar/project/wollok/game/gameboard/Gameboard;Ljava/lang/Boolean;)V+17
j  org.uqbar.project.wollok.game.helpers.Application.start(Lorg/uqbar/project/wollok/game/gameboard/Gameboard;Ljava/lang/Boolean;)V+5
j  org.uqbar.project.wollok.game.gameboard.Gameboard.start(Ljava/lang/Boolean;)V+13
j  wollok.game.GameObject.doStart(Ljava/lang/Boolean;)V+12
v  ~StubRoutines::call_stub
j  sun.reflect.NativeMethodAccessorImpl.invoke0(Ljava/lang/reflect/Method;Ljava/lang/Object;[Ljava/lang/Object;)Ljava/lang/Object;+0
j  sun.reflect.NativeMethodAccessorImpl.invoke(Ljava/lang/Object;[Ljava/lang/Object;)Ljava/lang/Object;+100
J 2667 C1 sun.reflect.DelegatingMethodAccessorImpl.invoke(Ljava/lang/Object;[Ljava/lang/Object;)Ljava/lang/Object; (10 bytes) @ 0x000001da344b6dc4 [0x000001da344b6cc0+0x104]
J 2666 C1 java.lang.reflect.Method.invoke(Ljava/lang/Object;[Ljava/lang/Object;)Ljava/lang/Object; (62 bytes) @ 0x000001da344b67ec [0x000001da344b6400+0x3ec]
j  org.uqbar.project.wollok.ui.utils.XTendUtilExtensions.invokeConvertingArgs(Ljava/lang/reflect/Method;Ljava/lang/Object;[Ljava/lang/Object;)Lorg/uqbar/project/wollok/interpreter/core/WollokObject;+261
j  org.uqbar.project.wollok.interpreter.AbstractWollokCallable._invokeNative(Ljava/lang/Object;Ljava/lang/String;[Lorg/uqbar/project/wollok/interpreter/core/WollokObject;)Lorg/uqbar/project/wollok/interpreter/core/WollokObject;+41
j  org.uqbar.project.wollok.interpreter.AbstractWollokCallable.invokeNative(Ljava/lang/Object;Ljava/lang/String;[Lorg/uqbar/project/wollok/interpreter/core/WollokObject;)Lorg/uqbar/project/wollok/interpreter/core/WollokObject;+26
j  org.uqbar.project.wollok.interpreter.AbstractWollokCallable$1.apply()Lorg/uqbar/project/wollok/interpreter/core/WollokObject;+55
j  org.uqbar.project.wollok.interpreter.AbstractWollokCallable$1.apply()Ljava/lang/Object;+1
j  org.uqbar.project.wollok.interpreter.threads.WThread.performOnStack(Lorg/eclipse/emf/ecore/EObject;Lorg/uqbar/project/wollok/interpreter/context/EvaluationContext;Lorg/eclipse/xtext/xbase/lib/Functions$Function0;)Lorg/uqbar/project/wollok/interpreter/core/WollokObject;+29
j  org.uqbar.project.wollok.interpreter.WollokInterpreter.performOnStack(Lorg/eclipse/emf/ecore/EObject;Lorg/uqbar/project/wollok/interpreter/context/EvaluationContext;Lorg/eclipse/xtext/xbase/lib/Functions$Function0;)Lorg/uqbar/project/wollok/interpreter/core/WollokObject;+7
j  org.uqbar.project.wollok.interpreter.AbstractWollokCallable.call(Lorg/uqbar/project/wollok/wollokDsl/WMethodDeclaration;[Lorg/uqbar/project/wollok/interpreter/core/WollokObject;)Lorg/uqbar/project/wollok/interpreter/core/WollokObject;+38
j  org.uqbar.project.wollok.interpreter.core.WollokObject.call(Ljava/lang/String;[Lorg/uqbar/project/wollok/interpreter/core/WollokObject;)Lorg/uqbar/project/wollok/interpreter/core/WollokObject;+55
j  org.uqbar.project.wollok.interpreter.WollokInterpreterEvaluator._evaluate(Lorg/uqbar/project/wollok/wollokDsl/WFeatureCall;)Lorg/uqbar/project/wollok/interpreter/core/WollokObject;+119
j  org.uqbar.project.wollok.launch.WollokLauncherInterpreterEvaluator.evaluate(Lorg/eclipse/emf/ecore/EObject;)Lorg/uqbar/project/wollok/interpreter/core/WollokObject;+412
j  org.uqbar.project.wollok.interpreter.WollokInterpreterEvaluator.evaluate(Lorg/eclipse/emf/ecore/EObject;)Ljava/lang/Object;+2
j  org.uqbar.project.wollok.interpreter.WollokInterpreter.eval(Lorg/eclipse/emf/ecore/EObject;)Lorg/uqbar/project/wollok/interpreter/core/WollokObject;+63
j  org.uqbar.project.wollok.interpreter.WollokInterpreterEvaluator.eval(Lorg/eclipse/emf/ecore/EObject;)Lorg/uqbar/project/wollok/interpreter/core/WollokObject;+5
j  org.uqbar.project.wollok.interpreter.WollokInterpreterEvaluator$1.apply(Lorg/uqbar/project/wollok/interpreter/core/WollokObject;Lorg/eclipse/emf/ecore/EObject;)Lorg/uqbar/project/wollok/interpreter/core/WollokObject;+5
j  org.uqbar.project.wollok.interpreter.WollokInterpreterEvaluator$1.apply(Ljava/lang/Object;Ljava/lang/Object;)Ljava/lang/Object;+9
j  org.eclipse.xtext.xbase.lib.IteratorExtensions.fold(Ljava/util/Iterator;Ljava/lang/Object;Lorg/eclipse/xtext/xbase/lib/Functions$Function2;)Ljava/lang/Object;+19
j  org.eclipse.xtext.xbase.lib.IterableExtensions.fold(Ljava/lang/Iterable;Ljava/lang/Object;Lorg/eclipse/xtext/xbase/lib/Functions$Function2;)Ljava/lang/Object;+8
j  org.uqbar.project.wollok.interpreter.WollokInterpreterEvaluator.evalAll(Ljava/lang/Iterable;)Lorg/uqbar/project/wollok/interpreter/core/WollokObject;+12
j  org.uqbar.project.wollok.interpreter.WollokInterpreterEvaluator._evaluate(Lorg/uqbar/project/wollok/wollokDsl/WBlockExpression;)Lorg/uqbar/project/wollok/interpreter/core/WollokObject;+34
j  org.uqbar.project.wollok.launch.WollokLauncherInterpreterEvaluator.evaluate(Lorg/eclipse/emf/ecore/EObject;)Lorg/uqbar/project/wollok/interpreter/core/WollokObject;+76
j  org.uqbar.project.wollok.interpreter.WollokInterpreterEvaluator.evaluate(Lorg/eclipse/emf/ecore/EObject;)Ljava/lang/Object;+2
j  org.uqbar.project.wollok.interpreter.WollokInterpreter.eval(Lorg/eclipse/emf/ecore/EObject;)Lorg/uqbar/project/wollok/interpreter/core/WollokObject;+63
j  org.uqbar.project.wollok.interpreter.AbstractWollokCallable.eval(Lorg/eclipse/emf/ecore/EObject;)Lorg/uqbar/project/wollok/interpreter/core/WollokObject;+5
j  org.uqbar.project.wollok.interpreter.AbstractWollokCallable$1.apply()Lorg/uqbar/project/wollok/interpreter/core/WollokObject;+110
j  org.uqbar.project.wollok.interpreter.AbstractWollokCallable$1.apply()Ljava/lang/Object;+1
j  org.uqbar.project.wollok.interpreter.threads.WThread.performOnStack(Lorg/eclipse/emf/ecore/EObject;Lorg/uqbar/project/wollok/interpreter/context/EvaluationContext;Lorg/eclipse/xtext/xbase/lib/Functions$Function0;)Lorg/uqbar/project/wollok/interpreter/core/WollokObject;+29
j  org.uqbar.project.wollok.interpreter.WollokInterpreter.performOnStack(Lorg/eclipse/emf/ecore/EObject;Lorg/uqbar/project/wollok/interpreter/context/EvaluationContext;Lorg/eclipse/xtext/xbase/lib/Functions$Function0;)Lorg/uqbar/project/wollok/interpreter/core/WollokObject;+7
j  org.uqbar.project.wollok.interpreter.AbstractWollokCallable.call(Lorg/uqbar/project/wollok/wollokDsl/WMethodDeclaration;[Lorg/uqbar/project/wollok/interpreter/core/WollokObject;)Lorg/uqbar/project/wollok/interpreter/core/WollokObject;+38
j  org.uqbar.project.wollok.interpreter.core.WollokObject.call(Ljava/lang/String;[Lorg/uqbar/project/wollok/interpreter/core/WollokObject;)Lorg/uqbar/project/wollok/interpreter/core/WollokObject;+55
j  org.uqbar.project.wollok.interpreter.WollokInterpreterEvaluator._evaluate(Lorg/uqbar/project/wollok/wollokDsl/WFeatureCall;)Lorg/uqbar/project/wollok/interpreter/core/WollokObject;+119
j  org.uqbar.project.wollok.launch.WollokLauncherInterpreterEvaluator.evaluate(Lorg/eclipse/emf/ecore/EObject;)Lorg/uqbar/project/wollok/interpreter/core/WollokObject;+412
j  org.uqbar.project.wollok.interpreter.WollokInterpreterEvaluator.evaluate(Lorg/eclipse/emf/ecore/EObject;)Ljava/lang/Object;+2
j  org.uqbar.project.wollok.interpreter.WollokInterpreter.eval(Lorg/eclipse/emf/ecore/EObject;)Lorg/uqbar/project/wollok/interpreter/core/WollokObject;+63
j  org.uqbar.project.wollok.interpreter.WollokInterpreterEvaluator.eval(Lorg/eclipse/emf/ecore/EObject;)Lorg/uqbar/project/wollok/interpreter/core/WollokObject;+5
j  org.uqbar.project.wollok.interpreter.WollokInterpreterEvaluator$1.apply(Lorg/uqbar/project/wollok/interpreter/core/WollokObject;Lorg/eclipse/emf/ecore/EObject;)Lorg/uqbar/project/wollok/interpreter/core/WollokObject;+5
j  org.uqbar.project.wollok.interpreter.WollokInterpreterEvaluator$1.apply(Ljava/lang/Object;Ljava/lang/Object;)Ljava/lang/Object;+9
j  org.eclipse.xtext.xbase.lib.IteratorExtensions.fold(Ljava/util/Iterator;Ljava/lang/Object;Lorg/eclipse/xtext/xbase/lib/Functions$Function2;)Ljava/lang/Object;+19
j  org.eclipse.xtext.xbase.lib.IterableExtensions.fold(Ljava/lang/Iterable;Ljava/lang/Object;Lorg/eclipse/xtext/xbase/lib/Functions$Function2;)Ljava/lang/Object;+8
j  org.uqbar.project.wollok.interpreter.WollokInterpreterEvaluator.evalAll(Ljava/lang/Iterable;)Lorg/uqbar/project/wollok/interpreter/core/WollokObject;+12
j  org.uqbar.project.wollok.interpreter.WollokInterpreterEvaluator._evaluate(Lorg/uqbar/project/wollok/wollokDsl/WProgram;)Lorg/uqbar/project/wollok/interpreter/core/WollokObject;+18
j  org.uqbar.project.wollok.launch.WollokLauncherInterpreterEvaluator.evaluate(Lorg/eclipse/emf/ecore/EObject;)Lorg/uqbar/project/wollok/interpreter/core/WollokObject;+444
j  org.uqbar.project.wollok.interpreter.WollokInterpreterEvaluator.evaluate(Lorg/eclipse/emf/ecore/EObject;)Ljava/lang/Object;+2
j  org.uqbar.project.wollok.interpreter.WollokInterpreter.eval(Lorg/eclipse/emf/ecore/EObject;)Lorg/uqbar/project/wollok/interpreter/core/WollokObject;+63
j  org.uqbar.project.wollok.interpreter.WollokInterpreterEvaluator.eval(Lorg/eclipse/emf/ecore/EObject;)Lorg/uqbar/project/wollok/interpreter/core/WollokObject;+5
j  org.uqbar.project.wollok.launch.WollokLauncherInterpreterEvaluator._evaluate(Lorg/uqbar/project/wollok/wollokDsl/WFile;)Lorg/uqbar/project/wollok/interpreter/core/WollokObject;+32
j  org.uqbar.project.wollok.launch.WollokLauncherInterpreterEvaluator.evaluate(Lorg/eclipse/emf/ecore/EObject;)Lorg/uqbar/project/wollok/interpreter/core/WollokObject;+428
j  org.uqbar.project.wollok.interpreter.WollokInterpreterEvaluator.evaluate(Lorg/eclipse/emf/ecore/EObject;)Ljava/lang/Object;+2
j  org.uqbar.project.wollok.interpreter.WollokInterpreter.interpret(Lorg/eclipse/emf/ecore/EObject;Ljava/lang/Boolean;)Lorg/uqbar/project/wollok/interpreter/core/WollokObject;+25
j  org.uqbar.project.wollok.interpreter.WollokInterpreter.interpret(Lorg/eclipse/emf/ecore/EObject;)Lorg/uqbar/project/wollok/interpreter/core/WollokObject;+8
j  org.uqbar.project.wollok.launch.WollokLauncher.doSomething(Lorg/uqbar/project/wollok/wollokDsl/WFile;Lcom/google/inject/Injector;Ljava/io/File;Lorg/uqbar/project/wollok/launch/WollokLauncherParameters;)V+109
j  org.uqbar.project.wollok.launch.WollokChecker.launch(Ljava/lang/String;Lorg/uqbar/project/wollok/launch/WollokLauncherParameters;)V+31
j  org.uqbar.project.wollok.launch.WollokChecker.doMain([Ljava/lang/String;)V+205
j  org.uqbar.project.wollok.launch.WollokLauncher.main([Ljava/lang/String;)V+8
v  ~StubRoutines::call_stub

---------------  P R O C E S S  ---------------

Java Threads: ( => current thread )
  0x000001da4a22e000 JavaThread "com.google.inject.internal.util.$Finalizer" daemon [_thread_blocked, id=15104, stack(0x00000020f2e00000,0x00000020f2f00000)]
  0x000001da4a18c800 JavaThread "EMF Reference Cleaner" daemon [_thread_blocked, id=8020, stack(0x00000020f2d00000,0x00000020f2e00000)]
  0x000001da483e1800 JavaThread "Service Thread" daemon [_thread_blocked, id=7652, stack(0x00000020f2b00000,0x00000020f2c00000)]
  0x000001da48358800 JavaThread "C1 CompilerThread2" daemon [_thread_blocked, id=14680, stack(0x00000020f2a00000,0x00000020f2b00000)]
  0x000001da48357000 JavaThread "C2 CompilerThread1" daemon [_thread_blocked, id=20488, stack(0x00000020f2900000,0x00000020f2a00000)]
  0x000001da4835c000 JavaThread "C2 CompilerThread0" daemon [_thread_blocked, id=16664, stack(0x00000020f2800000,0x00000020f2900000)]
  0x000001da4834d800 JavaThread "Attach Listener" daemon [_thread_blocked, id=12044, stack(0x00000020f2700000,0x00000020f2800000)]
  0x000001da4834b000 JavaThread "Signal Dispatcher" daemon [_thread_blocked, id=4196, stack(0x00000020f2600000,0x00000020f2700000)]
  0x000001da48327800 JavaThread "Finalizer" daemon [_thread_blocked, id=12420, stack(0x00000020f2500000,0x00000020f2600000)]
  0x000001da4831f000 JavaThread "Reference Handler" daemon [_thread_blocked, id=3048, stack(0x00000020f2400000,0x00000020f2500000)]
=>0x000001da32218800 JavaThread "main" [_thread_in_native, id=13676, stack(0x00000020f1e00000,0x00000020f1f00000)]

Other Threads:
  0x000001da482f5000 VMThread [stack: 0x00000020f2300000,0x00000020f2400000] [id=20308]
  0x000001da483ec000 WatcherThread [stack: 0x00000020f2c00000,0x00000020f2d00000] [id=9588]

VM state:not at safepoint (normal execution)

VM Mutex/Monitor currently owned by a thread: None

heap address: 0x0000000082000000, size: 2016 MB, Compressed Oops mode: 32-bit
Narrow klass base: 0x0000000000000000, Narrow klass shift: 3
Compressed class space size: 1073741824 Address: 0x0000000100000000

Heap:
 PSYoungGen      total 136192K, used 7980K [0x00000000d6000000, 0x00000000dea00000, 0x0000000100000000)
  eden space 131072K, 6% used [0x00000000d6000000,0x00000000d67cb1e8,0x00000000de000000)
  from space 5120K, 0% used [0x00000000de500000,0x00000000de500000,0x00000000dea00000)
  to   space 5120K, 0% used [0x00000000de000000,0x00000000de000000,0x00000000de500000)
 ParOldGen       total 91648K, used 24099K [0x0000000082000000, 0x0000000087980000, 0x00000000d6000000)
  object space 91648K, 26% used [0x0000000082000000,0x0000000083788d48,0x0000000087980000)
 Metaspace       used 21761K, capacity 22036K, committed 22400K, reserved 1069056K
  class space    used 2749K, capacity 2856K, committed 2944K, reserved 1048576K

Card table byte_map: [0x000001da42fc0000,0x000001da433c0000] byte_map_base: 0x000001da42bb0000

Marking Bits: (ParMarkBitMap*) 0x000000005f04f810
 Begin Bits: [0x000001da43660000, 0x000001da455e0000)
 End Bits:   [0x000001da455e0000, 0x000001da47560000)

Polling page: 0x000001da32320000

CodeCache: size=245760Kb used=9999Kb max_used=10001Kb free=235760Kb
 bounds [0x000001da33c00000, 0x000001da345e0000, 0x000001da42c00000]
 total_blobs=3558 nmethods=3104 adapters=365
 compilation: enabled

Compilation events (10 events):
Event: 3.340 Thread 0x000001da48358800 3103       3       java.io.FileInputStream::read (9 bytes)
Event: 3.340 Thread 0x000001da48358800 nmethod 3103 0x000001da3459be90 code [0x000001da3459c000, 0x000001da3459c190]
Event: 3.349 Thread 0x000001da48358800 3104       3       java.nio.DirectByteBuffer::put (18 bytes)
Event: 3.350 Thread 0x000001da48358800 nmethod 3104 0x000001da3459b1d0 code [0x000001da3459b340, 0x000001da3459b5b8]
Event: 3.350 Thread 0x000001da48358800 3105       3       java.nio.DirectByteBuffer::ix (10 bytes)
Event: 3.350 Thread 0x000001da48358800 nmethod 3105 0x000001da3459ae90 code [0x000001da3459afe0, 0x000001da3459b138]
Event: 3.350 Thread 0x000001da48358800 3107       3       java.nio.DirectByteBuffer::put (18 bytes)
Event: 3.350 Thread 0x000001da48358800 nmethod 3107 0x000001da3459a990 code [0x000001da3459ab00, 0x000001da3459ad78]
Event: 3.350 Thread 0x000001da48358800 3108       1       java.nio.DirectByteBuffer::ix (10 bytes)
Event: 3.351 Thread 0x000001da48358800 nmethod 3108 0x000001da3459a6d0 code [0x000001da3459a820, 0x000001da3459a938]

GC Heap History (10 events):
Event: 0.605 GC heap before
{Heap before GC invocations=1 (full 0):
 PSYoungGen      total 37888K, used 32768K [0x00000000d6000000, 0x00000000d8a00000, 0x0000000100000000)
  eden space 32768K, 100% used [0x00000000d6000000,0x00000000d8000000,0x00000000d8000000)
  from space 5120K, 0% used [0x00000000d8500000,0x00000000d8500000,0x00000000d8a00000)
  to   space 5120K, 0% used [0x00000000d8000000,0x00000000d8000000,0x00000000d8500000)
 ParOldGen       total 86016K, used 0K [0x0000000082000000, 0x0000000087400000, 0x00000000d6000000)
  object space 86016K, 0% used [0x0000000082000000,0x0000000082000000,0x0000000087400000)
 Metaspace       used 7308K, capacity 7530K, committed 7808K, reserved 1056768K
  class space    used 798K, capacity 871K, committed 896K, reserved 1048576K
Event: 0.612 GC heap after
Heap after GC invocations=1 (full 0):
 PSYoungGen      total 37888K, used 5107K [0x00000000d6000000, 0x00000000daa00000, 0x0000000100000000)
  eden space 32768K, 0% used [0x00000000d6000000,0x00000000d6000000,0x00000000d8000000)
  from space 5120K, 99% used [0x00000000d8000000,0x00000000d84fcd30,0x00000000d8500000)
  to   space 5120K, 0% used [0x00000000da500000,0x00000000da500000,0x00000000daa00000)
 ParOldGen       total 86016K, used 560K [0x0000000082000000, 0x0000000087400000, 0x00000000d6000000)
  object space 86016K, 0% used [0x0000000082000000,0x000000008208c2c0,0x0000000087400000)
 Metaspace       used 7308K, capacity 7530K, committed 7808K, reserved 1056768K
  class space    used 798K, capacity 871K, committed 896K, reserved 1048576K
}
Event: 0.925 GC heap before
{Heap before GC invocations=2 (full 0):
 PSYoungGen      total 37888K, used 37875K [0x00000000d6000000, 0x00000000daa00000, 0x0000000100000000)
  eden space 32768K, 100% used [0x00000000d6000000,0x00000000d8000000,0x00000000d8000000)
  from space 5120K, 99% used [0x00000000d8000000,0x00000000d84fcd30,0x00000000d8500000)
  to   space 5120K, 0% used [0x00000000da500000,0x00000000da500000,0x00000000daa00000)
 ParOldGen       total 86016K, used 560K [0x0000000082000000, 0x0000000087400000, 0x00000000d6000000)
  object space 86016K, 0% used [0x0000000082000000,0x000000008208c2c0,0x0000000087400000)
 Metaspace       used 10025K, capacity 10192K, committed 10368K, reserved 1058816K
  class space    used 1195K, capacity 1288K, committed 1408K, reserved 1048576K
Event: 0.937 GC heap after
Heap after GC invocations=2 (full 0):
 PSYoungGen      total 70656K, used 5091K [0x00000000d6000000, 0x00000000daa00000, 0x0000000100000000)
  eden space 65536K, 0% used [0x00000000d6000000,0x00000000d6000000,0x00000000da000000)
  from space 5120K, 99% used [0x00000000da500000,0x00000000da9f8f78,0x00000000daa00000)
  to   space 5120K, 0% used [0x00000000da000000,0x00000000da000000,0x00000000da500000)
 ParOldGen       total 86016K, used 8680K [0x0000000082000000, 0x0000000087400000, 0x00000000d6000000)
  object space 86016K, 10% used [0x0000000082000000,0x000000008287a2f0,0x0000000087400000)
 Metaspace       used 10025K, capacity 10192K, committed 10368K, reserved 1058816K
  class space    used 1195K, capacity 1288K, committed 1408K, reserved 1048576K
}
Event: 1.873 GC heap before
{Heap before GC invocations=3 (full 0):
 PSYoungGen      total 70656K, used 70627K [0x00000000d6000000, 0x00000000daa00000, 0x0000000100000000)
  eden space 65536K, 100% used [0x00000000d6000000,0x00000000da000000,0x00000000da000000)
  from space 5120K, 99% used [0x00000000da500000,0x00000000da9f8f78,0x00000000daa00000)
  to   space 5120K, 0% used [0x00000000da000000,0x00000000da000000,0x00000000da500000)
 ParOldGen       total 86016K, used 8680K [0x0000000082000000, 0x0000000087400000, 0x00000000d6000000)
  object space 86016K, 10% used [0x0000000082000000,0x000000008287a2f0,0x0000000087400000)
 Metaspace       used 17415K, capacity 17618K, committed 18048K, reserved 1064960K
  class space    used 2222K, capacity 2323K, committed 2432K, reserved 1048576K
Event: 1.886 GC heap after
Heap after GC invocations=3 (full 0):
 PSYoungGen      total 70656K, used 5091K [0x00000000d6000000, 0x00000000dea00000, 0x0000000100000000)
  eden space 65536K, 0% used [0x00000000d6000000,0x00000000d6000000,0x00000000da000000)
  from space 5120K, 99% used [0x00000000da000000,0x00000000da4f8ee8,0x00000000da500000)
  to   space 5120K, 0% used [0x00000000de500000,0x00000000de500000,0x00000000dea00000)
 ParOldGen       total 86016K, used 22082K [0x0000000082000000, 0x0000000087400000, 0x00000000d6000000)
  object space 86016K, 25% used [0x0000000082000000,0x0000000083590a98,0x0000000087400000)
 Metaspace       used 17415K, capacity 17618K, committed 18048K, reserved 1064960K
  class space    used 2222K, capacity 2323K, committed 2432K, reserved 1048576K
}
Event: 2.767 GC heap before
{Heap before GC invocations=4 (full 0):
 PSYoungGen      total 70656K, used 46444K [0x00000000d6000000, 0x00000000dea00000, 0x0000000100000000)
  eden space 65536K, 63% used [0x00000000d6000000,0x00000000d8862288,0x00000000da000000)
  from space 5120K, 99% used [0x00000000da000000,0x00000000da4f8ee8,0x00000000da500000)
  to   space 5120K, 0% used [0x00000000de500000,0x00000000de500000,0x00000000dea00000)
 ParOldGen       total 86016K, used 22082K [0x0000000082000000, 0x0000000087400000, 0x00000000d6000000)
  object space 86016K, 25% used [0x0000000082000000,0x0000000083590a98,0x0000000087400000)
 Metaspace       used 20849K, capacity 21076K, committed 21248K, reserved 1067008K
  class space    used 2641K, capacity 2728K, committed 2816K, reserved 1048576K
Event: 2.786 GC heap after
Heap after GC invocations=4 (full 0):
 PSYoungGen      total 136192K, used 5091K [0x00000000d6000000, 0x00000000dea00000, 0x0000000100000000)
  eden space 131072K, 0% used [0x00000000d6000000,0x00000000d6000000,0x00000000de000000)
  from space 5120K, 99% used [0x00000000de500000,0x00000000de9f8f88,0x00000000dea00000)
  to   space 5120K, 0% used [0x00000000de000000,0x00000000de000000,0x00000000de500000)
 ParOldGen       total 86016K, used 27918K [0x0000000082000000, 0x0000000087400000, 0x00000000d6000000)
  object space 86016K, 32% used [0x0000000082000000,0x0000000083b43a40,0x0000000087400000)
 Metaspace       used 20849K, capacity 21076K, committed 21248K, reserved 1067008K
  class space    used 2641K, capacity 2728K, committed 2816K, reserved 1048576K
}
Event: 2.786 GC heap before
{Heap before GC invocations=5 (full 1):
 PSYoungGen      total 136192K, used 5091K [0x00000000d6000000, 0x00000000dea00000, 0x0000000100000000)
  eden space 131072K, 0% used [0x00000000d6000000,0x00000000d6000000,0x00000000de000000)
  from space 5120K, 99% used [0x00000000de500000,0x00000000de9f8f88,0x00000000dea00000)
  to   space 5120K, 0% used [0x00000000de000000,0x00000000de000000,0x00000000de500000)
 ParOldGen       total 86016K, used 27918K [0x0000000082000000, 0x0000000087400000, 0x00000000d6000000)
  object space 86016K, 32% used [0x0000000082000000,0x0000000083b43a40,0x0000000087400000)
 Metaspace       used 20849K, capacity 21076K, committed 21248K, reserved 1067008K
  class space    used 2641K, capacity 2728K, committed 2816K, reserved 1048576K
Event: 2.868 GC heap after
Heap after GC invocations=5 (full 1):
 PSYoungGen      total 136192K, used 0K [0x00000000d6000000, 0x00000000dea00000, 0x0000000100000000)
  eden space 131072K, 0% used [0x00000000d6000000,0x00000000d6000000,0x00000000de000000)
  from space 5120K, 0% used [0x00000000de500000,0x00000000de500000,0x00000000dea00000)
  to   space 5120K, 0% used [0x00000000de000000,0x00000000de000000,0x00000000de500000)
 ParOldGen       total 91648K, used 24099K [0x0000000082000000, 0x0000000087980000, 0x00000000d6000000)
  object space 91648K, 26% used [0x0000000082000000,0x0000000083788d48,0x0000000087980000)
 Metaspace       used 20849K, capacity 21076K, committed 21248K, reserved 1067008K
  class space    used 2641K, capacity 2728K, committed 2816K, reserved 1048576K
}

Deoptimization events (10 events):
Event: 2.382 Thread 0x000001da32218800 Uncommon trap: reason=class_check action=maybe_recompile pc=0x000001da34334efc method=org.eclipse.xtext.nodemodel.impl.NodeModelBuilder.addChild(Lorg/eclipse/xtext/nodemodel/ICompositeNode;Lorg/eclipse/xtext/nodemodel/impl/AbstractNode;)V @ 6
Event: 2.469 Thread 0x000001da32218800 Uncommon trap: reason=bimorphic action=maybe_recompile pc=0x000001da343ab42c method=java.util.Arrays.equals([Ljava/lang/Object;[Ljava/lang/Object;)Z @ 62
Event: 2.470 Thread 0x000001da32218800 Uncommon trap: reason=bimorphic action=maybe_recompile pc=0x000001da343ab42c method=java.util.Arrays.equals([Ljava/lang/Object;[Ljava/lang/Object;)Z @ 62
Event: 2.494 Thread 0x000001da32218800 Uncommon trap: reason=bimorphic action=maybe_recompile pc=0x000001da343ab42c method=java.util.Arrays.equals([Ljava/lang/Object;[Ljava/lang/Object;)Z @ 62
Event: 2.494 Thread 0x000001da32218800 Uncommon trap: reason=bimorphic action=maybe_recompile pc=0x000001da343ab42c method=java.util.Arrays.equals([Ljava/lang/Object;[Ljava/lang/Object;)Z @ 62
Event: 2.550 Thread 0x000001da32218800 Uncommon trap: reason=unstable_if action=reinterpret pc=0x000001da341011ec method=java.util.concurrent.ConcurrentHashMap.putVal(Ljava/lang/Object;Ljava/lang/Object;Z)Ljava/lang/Object; @ 181
Event: 2.929 Thread 0x000001da32218800 Uncommon trap: reason=unstable_if action=reinterpret pc=0x000001da34034b58 method=java.io.WinNTFileSystem.normalize(Ljava/lang/String;)Ljava/lang/String; @ 49
Event: 2.949 Thread 0x000001da32218800 Uncommon trap: reason=predicate action=maybe_recompile pc=0x000001da340574d4 method=java.lang.String.regionMatches(ZILjava/lang/String;II)Z @ 63
Event: 3.328 Thread 0x000001da32218800 Uncommon trap: reason=unstable_if action=reinterpret pc=0x000001da33e38ec8 method=java.lang.ThreadLocal$ThreadLocalMap.getEntry(Ljava/lang/ThreadLocal;)Ljava/lang/ThreadLocal$ThreadLocalMap$Entry; @ 29
Event: 3.329 Thread 0x000001da32218800 Uncommon trap: reason=unstable_if action=reinterpret pc=0x000001da33e37f5c method=java.lang.ThreadLocal$ThreadLocalMap.getEntry(Ljava/lang/ThreadLocal;)Ljava/lang/ThreadLocal$ThreadLocalMap$Entry; @ 29

Classes redefined (0 events):
No events

Internal exceptions (10 events):
Event: 2.704 Thread 0x000001da32218800 Exception <a 'java/lang/reflect/InvocationTargetException'> (0x00000000d8361bb8) thrown at [J:\jenkins\tmp\workspace\build\src\hotspot\src\share\vm\runtime\reflection.cpp, line 1092]
Event: 2.705 Thread 0x000001da32218800 Exception <a 'java/lang/reflect/InvocationTargetException'> (0x00000000d837dfb0) thrown at [J:\jenkins\tmp\workspace\build\src\hotspot\src\share\vm\runtime\reflection.cpp, line 1092]
Event: 2.706 Thread 0x000001da32218800 Exception <a 'java/lang/reflect/InvocationTargetException'> (0x00000000d839a480) thrown at [J:\jenkins\tmp\workspace\build\src\hotspot\src\share\vm\runtime\reflection.cpp, line 1092]
Event: 2.709 Thread 0x000001da32218800 Exception <a 'java/lang/reflect/InvocationTargetException'> (0x00000000d83deb50) thrown at [J:\jenkins\tmp\workspace\build\src\hotspot\src\share\vm\runtime\reflection.cpp, line 1092]
Event: 3.356 Thread 0x000001da32218800 Exception <a 'java/security/PrivilegedActionException'> (0x00000000d65b8f80) thrown at [J:\jenkins\tmp\workspace\build\src\hotspot\src\share\vm\prims\jvm.cpp, line 1514]
Event: 3.356 Thread 0x000001da32218800 Exception <a 'java/security/PrivilegedActionException'> (0x00000000d65ba4b0) thrown at [J:\jenkins\tmp\workspace\build\src\hotspot\src\share\vm\prims\jvm.cpp, line 1514]
Event: 3.356 Thread 0x000001da32218800 Exception <a 'java/security/PrivilegedActionException'> (0x00000000d65bb8e0) thrown at [J:\jenkins\tmp\workspace\build\src\hotspot\src\share\vm\prims\jvm.cpp, line 1514]
Event: 3.356 Thread 0x000001da32218800 Exception <a 'java/security/PrivilegedActionException'> (0x00000000d65bcfa0) thrown at [J:\jenkins\tmp\workspace\build\src\hotspot\src\share\vm\prims\jvm.cpp, line 1514]
Event: 3.356 Thread 0x000001da32218800 Exception <a 'java/security/PrivilegedActionException'> (0x00000000d65be398) thrown at [J:\jenkins\tmp\workspace\build\src\hotspot\src\share\vm\prims\jvm.cpp, line 1514]
Event: 3.356 Thread 0x000001da32218800 Exception <a 'java/security/PrivilegedActionException'> (0x00000000d65bf760) thrown at [J:\jenkins\tmp\workspace\build\src\hotspot\src\share\vm\prims\jvm.cpp, line 1514]

Events (10 events):
Event: 3.377 loading class org/lwjgl/openal/ALCdevice
Event: 3.377 loading class org/lwjgl/openal/ALCdevice done
Event: 3.378 loading class org/lwjgl/openal/ALCcontext
Event: 3.378 loading class org/lwjgl/openal/ALCcontext done
Event: 3.378 loading class java/nio/DirectIntBufferU
Event: 3.378 loading class java/nio/DirectIntBufferU done
Event: 3.378 loading class org/lwjgl/openal/Util
Event: 3.378 loading class org/lwjgl/openal/Util done
Event: 3.379 loading class org/lwjgl/openal/OpenALException
Event: 3.379 loading class org/lwjgl/openal/OpenALException done


Dynamic libraries:
0x00007ff7b8000000 - 0x00007ff7b8046000 	C:\Program Files\Eclipse Adoptium\jdk-8.0.382.5-hotspot\bin\javaw.exe
0x00007fff51010000 - 0x00007fff51207000 	C:\WINDOWS\SYSTEM32\ntdll.dll
0x00007fff50230000 - 0x00007fff502ed000 	C:\WINDOWS\System32\KERNEL32.DLL
0x00007fff4eaf0000 - 0x00007fff4ede6000 	C:\WINDOWS\System32\KERNELBASE.dll
0x00007fff4f3d0000 - 0x00007fff4f47e000 	C:\WINDOWS\System32\ADVAPI32.dll
0x00007fff50f00000 - 0x00007fff50f9e000 	C:\WINDOWS\System32\msvcrt.dll
0x00007fff4f9c0000 - 0x00007fff4fa5c000 	C:\WINDOWS\System32\sechost.dll
0x00007fff50090000 - 0x00007fff501b6000 	C:\WINDOWS\System32\RPCRT4.dll
0x00007fff4f530000 - 0x00007fff4f6ce000 	C:\WINDOWS\System32\USER32.dll
0x00007fff4e7e0000 - 0x00007fff4e802000 	C:\WINDOWS\System32\win32u.dll
0x00007fff50fa0000 - 0x00007fff50fcc000 	C:\WINDOWS\System32\GDI32.dll
0x00007fff4edf0000 - 0x00007fff4ef0a000 	C:\WINDOWS\System32\gdi32full.dll
0x00007fff4e740000 - 0x00007fff4e7dd000 	C:\WINDOWS\System32\msvcp_win.dll
0x00007fff4e980000 - 0x00007fff4ea80000 	C:\WINDOWS\System32\ucrtbase.dll
0x00007fff3b960000 - 0x00007fff3bbfa000 	C:\WINDOWS\WinSxS\amd64_microsoft.windows.common-controls_6595b64144ccf1df_6.0.19041.3570_none_60bb2a3971f3e41a\COMCTL32.dll
0x00007fff4f480000 - 0x00007fff4f4b0000 	C:\WINDOWS\System32\IMM32.DLL
0x00007fff2aae0000 - 0x00007fff2aaf5000 	C:\Program Files\Eclipse Adoptium\jdk-8.0.382.5-hotspot\jre\bin\vcruntime140.dll
0x00007fff0ffe0000 - 0x00007fff1007b000 	C:\Program Files\Eclipse Adoptium\jdk-8.0.382.5-hotspot\jre\bin\msvcp140.dll
0x000000005e870000 - 0x000000005f0c8000 	C:\Program Files\Eclipse Adoptium\jdk-8.0.382.5-hotspot\jre\bin\server\jvm.dll
0x00007fff4faf0000 - 0x00007fff4faf8000 	C:\WINDOWS\System32\PSAPI.DLL
0x00007fff39d50000 - 0x00007fff39d59000 	C:\WINDOWS\SYSTEM32\WSOCK32.dll
0x00007fff3aa30000 - 0x00007fff3aa57000 	C:\WINDOWS\SYSTEM32\WINMM.dll
0x00007fff501c0000 - 0x00007fff5022b000 	C:\WINDOWS\System32\WS2_32.dll
0x00007fff47a30000 - 0x00007fff47a3a000 	C:\WINDOWS\SYSTEM32\VERSION.dll
0x00007fff4cf70000 - 0x00007fff4cf82000 	C:\WINDOWS\SYSTEM32\kernel.appcore.dll
0x00007fff49a50000 - 0x00007fff49a60000 	C:\Program Files\Eclipse Adoptium\jdk-8.0.382.5-hotspot\jre\bin\verify.dll
0x00007fff2aa20000 - 0x00007fff2aa4b000 	C:\Program Files\Eclipse Adoptium\jdk-8.0.382.5-hotspot\jre\bin\java.dll
0x00007fff17cf0000 - 0x00007fff17d08000 	C:\Program Files\Eclipse Adoptium\jdk-8.0.382.5-hotspot\jre\bin\zip.dll
0x00007fff50600000 - 0x00007fff50d44000 	C:\WINDOWS\System32\SHELL32.dll
0x00007fff4c3c0000 - 0x00007fff4cb5b000 	C:\WINDOWS\SYSTEM32\windows.storage.dll
0x00007fff4f070000 - 0x00007fff4f3c4000 	C:\WINDOWS\System32\combase.dll
0x00007fff4e060000 - 0x00007fff4e08d000 	C:\WINDOWS\SYSTEM32\Wldp.dll
0x00007fff4f910000 - 0x00007fff4f9bd000 	C:\WINDOWS\System32\SHCORE.dll
0x00007fff50300000 - 0x00007fff50355000 	C:\WINDOWS\System32\shlwapi.dll
0x00007fff4e620000 - 0x00007fff4e645000 	C:\WINDOWS\SYSTEM32\profapi.dll
0x0000000065580000 - 0x0000000065616000 	C:\Users\Administrator\AppData\Local\Temp\libgdxAdministrator\12dfaa03\gdx64.dll
0x00007fff4dfb0000 - 0x00007fff4dfc8000 	C:\WINDOWS\SYSTEM32\CRYPTSP.dll
0x00007fff4d6d0000 - 0x00007fff4d704000 	C:\WINDOWS\system32\rsaenh.dll
0x00007fff4e950000 - 0x00007fff4e977000 	C:\WINDOWS\System32\bcrypt.dll
0x00007fff4e5e0000 - 0x00007fff4e60e000 	C:\WINDOWS\SYSTEM32\USERENV.dll
0x00007fff4e8c0000 - 0x00007fff4e942000 	C:\WINDOWS\System32\bcryptprimitives.dll
0x00007fff4dfd0000 - 0x00007fff4dfdc000 	C:\WINDOWS\SYSTEM32\CRYPTBASE.dll
0x00007fff1d2b0000 - 0x00007fff1d2cc000 	C:\Program Files\Eclipse Adoptium\jdk-8.0.382.5-hotspot\jre\bin\net.dll
0x00007fff4ddc0000 - 0x00007fff4de2a000 	C:\WINDOWS\system32\mswsock.dll
0x00007fff4dab0000 - 0x00007fff4daeb000 	C:\WINDOWS\SYSTEM32\IPHLPAPI.DLL
0x00007fff502f0000 - 0x00007fff502f8000 	C:\WINDOWS\System32\NSI.dll
0x00007fff471b0000 - 0x00007fff471c7000 	C:\WINDOWS\SYSTEM32\dhcpcsvc6.DLL
0x00007fff47150000 - 0x00007fff4716d000 	C:\WINDOWS\SYSTEM32\dhcpcsvc.DLL
0x00007fff4daf0000 - 0x00007fff4dbba000 	C:\WINDOWS\SYSTEM32\DNSAPI.dll
0x00007fff173f0000 - 0x00007fff17403000 	C:\Program Files\Eclipse Adoptium\jdk-8.0.382.5-hotspot\jre\bin\nio.dll
0x0000000180000000 - 0x0000000180053000 	C:\Users\Administrator\AppData\Local\Temp\libgdxAdministrator\dc0f0009\lwjgl64.dll
0x00007fff38e90000 - 0x00007fff38fb5000 	C:\WINDOWS\SYSTEM32\OPENGL32.dll
0x00007fff389e0000 - 0x00007fff38a0c000 	C:\WINDOWS\SYSTEM32\GLU32.dll
0x000001da323b0000 - 0x000001da32414000 	C:\Users\Administrator\AppData\Local\Temp\libgdxAdministrator\dc0f0009\OpenAL64.dll
0x00007fff4f780000 - 0x00007fff4f8ab000 	C:\WINDOWS\System32\ole32.dll
0x00007fff4bcf0000 - 0x00007fff4bd8e000 	C:\WINDOWS\system32\uxtheme.dll
0x00007fff4f6d0000 - 0x00007fff4f779000 	C:\WINDOWS\System32\clbcatq.dll
0x00007fff0eac0000 - 0x00007fff0eb5c000 	C:\WINDOWS\SYSTEM32\dsound.dll
0x00007fff4e4a0000 - 0x00007fff4e4eb000 	C:\WINDOWS\SYSTEM32\powrprof.dll
0x00007fff1a6f0000 - 0x00007fff1a716000 	C:\WINDOWS\SYSTEM32\winmmbase.dll
0x00007fff4e410000 - 0x00007fff4e422000 	C:\WINDOWS\SYSTEM32\UMPDC.dll
0x00007fff46890000 - 0x00007fff46915000 	C:\WINDOWS\System32\MMDevApi.dll
0x00007fff4e430000 - 0x00007fff4e463000 	C:\WINDOWS\System32\DEVOBJ.dll
0x00007fff4e6f0000 - 0x00007fff4e73e000 	C:\WINDOWS\System32\cfgmgr32.dll
0x00007fff46fc0000 - 0x00007fff47142000 	C:\WINDOWS\SYSTEM32\AUDIOSES.DLL
0x00007fff50e30000 - 0x00007fff50efd000 	C:\WINDOWS\System32\OLEAUT32.dll
0x00007fff4cc30000 - 0x00007fff4ce14000 	C:\WINDOWS\SYSTEM32\dbghelp.dll

VM Arguments:
jvm_args: -Duser.language=es_AR -Dfile.encoding=UTF-8 
java_command: org.uqbar.project.wollok.launch.WollokLauncher -requestsPort 0 -eventsPort 0 -folder -dontValidate -wf src/program.wpgm
java_class_path (initial): C:\Users\Administrator\git\2023-tpgame-not-found\bin;C:\Users\Administrator\Desktop\tmp\Wollok\plugins\com.ibm.icu_64.2.0.v20190507-1337.jar;C:\Users\Administrator\Desktop\tmp\Wollok\plugins\org.eclipse.xtext_2.20.0.v20191202-0915.jar;C:\Users\Administrator\Desktop\tmp\Wollok\plugins\org.eclipse.emf.ecore.xmi_2.16.0.v20190528-0725.jar;C:\Users\Administrator\Desktop\tmp\Wollok\plugins\org.eclipse.emf.ecore_2.20.0.v20190920-0401.jar;C:\Users\Administrator\Desktop\tmp\Wollok\plugins\org.eclipse.emf.common_2.17.0.v20190920-0401.jar;C:\Users\Administrator\Desktop\tmp\Wollok\plugins\org.antlr.runtime_3.2.0.v201101311130.jar;C:\Users\Administrator\Desktop\tmp\Wollok\plugins\com.google.inject_3.0.0.v201605172100.jar;C:\Users\Administrator\Desktop\tmp\Wollok\plugins\org.eclipse.emf.mwe.core_1.5.1.v20191121-1148.jar;C:\Users\Administrator\Desktop\tmp\Wollok\plugins\org.apache.commons.cli_1.2.0.v201404270220.jar;C:\Users\Administrator\Desktop\tmp\Wollok\plugins\org.eclipse.emf.mwe2.runtime_2.11.1.v20191121-1148.jar;C:\Users\Administrator\Desktop\tmp\Wollok\plugins\org.eclipse.emf.mwe.utils_1.5.1.v20191121-1148.jar;C:\Users\Administrator\Desktop\tmp\Wollok\plugins\org.eclipse.xtext.util_2.20.0.v20191202-0915.jar;C:\Users\Administrator\Desktop\tmp\Wollok\plugins\com.google.guava_27.1.0.v20190517-1946.jar;C:\Users\Administrator\Desktop\tmp\Wollok\plugins\javax.inject_1.0.0.v20091030.jar;C:\Users\Administrator\Desktop\tmp\Wollok\plugins\org.eclipse.xtext.generator_2.20.0.v20191202-0933.jar;C:\Users\Administrator\Desktop\tmp\Wollok\plugins\org.eclipse.xtext.xtext.generator_2.20.0.v20191202-0915.jar;C:\Users\Administrator\Desktop\tmp\Wollok\plugins\org.eclipse.xtext.xbase.lib_2.20.0.v20191202-0907.jar;C:\Users\Administrator\Desktop\tmp\Wollok\plugins\org.eclipse.emf.codegen.ecore_2.20.0.v20191012-0918.jar;C:\Users\Administrator\Desktop\tmp\Wollok\plugins\org.eclipse.emf.codegen_2.19.0.v20190821-1536.jar;C:\Users\Administrator\Desktop\tmp\Wollok\plugins\o
Launcher Type: SUN_STANDARD

Environment Variables:
JAVA_HOME=C:\Program Files\OpenJDK\openjdk-8u262-b10
PATH=C:/Program Files/Java/jre-1.8/bin/server;C:/Program Files/Java/jre-1.8/bin;C:/Program Files/Java/jre-1.8/lib/amd64;C:\Program Files (x86)\Common Files\Oracle\Java\javapath;C:\Program Files\Eclipse Adoptium\jdk-8.0.382.5-hotspot\bin;C:\WINDOWS\system32;C:\WINDOWS;C:\WINDOWS\System32\Wbem;C:\WINDOWS\System32\WindowsPowerShell\v1.0\;C:\WINDOWS\System32\OpenSSH\;C:\Program Files\PuTTY\;C:\php;C:\Program Files (x86)\Intel\Intel(R) Management Engine Components\DAL;C:\Program Files\Intel\Intel(R) Management Engine Components\DAL;C:\Program Files\Microsoft SQL Server\130\Tools\Binn\;C:\Program Files\dotnet\;C:\Program Files\Git\cmd;C:\ProgramData\chocolatey\bin;C:\Program Files\OpenJDK\openjdk-8u262-b10\bin;C:\Users\Administrator\AppData\Roaming\nvm;C:\Program Files\nodejs;C:\Program Files\swipl\bin;C:\Users\Administrator\AppData\Local\Programs\Python\Python311\Scripts\;C:\Users\Administrator\AppData\Local\Programs\Python\Python311\;C:\Program Files\MySQL\MySQL Shell 8.0\bin\;C:\Users\Administrator\AppData\Local\Microsoft\WindowsApps;C:\Users\Administrator\AppData\Local\Programs\Microsoft VS Code\bin;C:\Users\Administrator\AppData\Roaming\nvm;C:\Program Files\nodejs;C:\msys64\mingw64\bin;;C:\ghcup\bin;C:\Users\Administrator\Desktop\tmp\Wollok;
USERNAME=Administrator
OS=Windows_NT
PROCESSOR_IDENTIFIER=Intel64 Family 6 Model 142 Stepping 9, GenuineIntel



---------------  S Y S T E M  ---------------

OS: Windows 10 , 64 bit Build 19041 (10.0.19041.3570)

CPU:total 4 (initial active 4) (2 cores per cpu, 2 threads per core) family 6 model 142 stepping 9, cmov, cx8, fxsr, mmx, sse, sse2, sse3, ssse3, sse4.1, sse4.2, popcnt, avx, avx2, aes, clmul, erms, 3dnowpref, lzcnt, ht, tsc, tscinvbit, bmi1, bmi2, adx

Memory: 4k page, physical 8251168k(1641328k free), swap 21169120k(8509604k free)

vm_info: OpenJDK 64-Bit Server VM (25.382-b05) for windows-amd64 JRE (1.8.0_382-b05), built on Jul 19 2023 15:37:29 by "jenkins" with MS VC++ 15.9 (VS2017)

time: Thu Oct 26 18:17:42 2023
timezone: Hora estándar de Argentina
elapsed time: 3.420312 seconds (0d 0h 0m 3s)

